Terminals unused in grammar

   TRUE
   FALSE
   INT
   CHAR
   FLOAT
   DOUBLE
   CB
   OB


State 6 conflicts: 11 shift/reduce
State 18 conflicts: 12 shift/reduce
State 81 conflicts: 11 shift/reduce
State 83 conflicts: 15 shift/reduce
State 86 conflicts: 16 shift/reduce
State 87 conflicts: 11 shift/reduce
State 93 conflicts: 34 shift/reduce
State 101 conflicts: 15 shift/reduce
State 110 conflicts: 11 shift/reduce


Grammar

    0 $accept: term_block $end

    1 arith_bi_op: ADD
    2            | SUB
    3            | MULT
    4            | DIV
    5            | MOD
    6            | EXP

    7 arith_un_op: INC
    8            | DEC

    9 logic_bi_op: EQ
   10            | NOTEQ
   11            | GT
   12            | LT
   13            | GE
   14            | LE
   15            | AND
   16            | OR

   17 logic_un_op: NOT

   18 bit_un_op: BIN_NOT

   19 bit_bi_op: BIN_AND
   20          | BIN_OR
   21          | BIN_XOR
   22          | BIN_LEFT
   23          | BIN_RIGHT

   24 assign_op: ASSIGN
   25          | ADD_ASSIGN
   26          | SUB_ASSIGN
   27          | MULT_ASSIGN
   28          | DIV_ASSIGN
   29          | MOD_ASSIGN
   30          | LEFT_ASSIGN
   31          | RIGHT_ASSIGN
   32          | BIN_AND_ASSIGN
   33          | BIN_XOR_ASSIGN
   34          | BIN_IOR_ASSIGN

   35 op: arith_bi_op
   36   | arith_un_op
   37   | logic_bi_op
   38   | logic_un_op
   39   | bit_un_op
   40   | bit_bi_op
   41   | assign_op

   42 expr: expr op expr
   43     | OP expr CP
   44     | IDENT
   45     | NUM

   46 assignment: IDENT assign_op expr
   47           | WHITESPACE

   48 block: assignment
   49      | block block
   50      | OCB term_block CCB
   51      | if_block
   52      | while_block
   53      | for_block
   54      | comment_block
   55      | multi_comment_block
   56      | def_block

   57 term_block: block
   58           | term_block term_block
   59           | block TERMINATOR
   60           | do_while_block
   61           | ternary_block
   62           | condition TERMINATOR
   63           | TERMINATOR

   64 condition: expr

   65 ternary_block: condition QUES block COLON block TERMINATOR
   66              | condition QUES expr COLON expr

   67 def_block: DEFINE
   68          | IFDEF
   69          | IFNDEF

   70 if_block: IF condition term_block
   71         | IF condition term_block ELSE term_block

   72 while_block: WHILE condition block

   73 do_while_block: DO block WHILE condition TERMINATOR

   74 for_block: FOR OP assignment TERMINATOR condition TERMINATOR assignment CP block

   75 comment_block: COMMENT

   76 multi_comment_block: MULTI_COMMENT


Terminals, with rules where they appear

$end (0) 0
error (256)
IF (258) 70 71
ELSE (259) 71
WHILE (260) 72 73
DO (261) 73
FOR (262) 74
AND (263) 15
OR (264) 16
NOT (265) 17
TRUE (266)
FALSE (267)
INT (268)
CHAR (269)
FLOAT (270)
DOUBLE (271)
ADD (272) 1
SUB (273) 2
MULT (274) 3
DIV (275) 4
EXP (276) 6
MOD (277) 5
INC (278) 7
DEC (279) 8
QUES (280) 65 66
BIN_NOT (281) 18
BIN_AND (282) 19
BIN_OR (283) 20
BIN_XOR (284) 21
BIN_LEFT (285) 22
BIN_RIGHT (286) 23
BIN_AND_ASSIGN (287) 32
BIN_IOR_ASSIGN (288) 34
BIN_XOR_ASSIGN (289) 33
ADD_ASSIGN (290) 25
SUB_ASSIGN (291) 26
MULT_ASSIGN (292) 27
DIV_ASSIGN (293) 28
MOD_ASSIGN (294) 29
LEFT_ASSIGN (295) 30
RIGHT_ASSIGN (296) 31
NUM (297) 45
IDENT (298) 44 46
ASSIGN (299) 24
TERMINATOR (300) 59 62 63 65 73 74
COLON (301) 65 66
OP (302) 43 74
CP (303) 43 74
CB (304)
OB (305)
OCB (306) 50
CCB (307) 50
EQ (308) 9
NOTEQ (309) 10
GT (310) 11
LT (311) 12
GE (312) 13
LE (313) 14
COMMENT (314) 75
MULTI_COMMENT (315) 76
WHITESPACE (316) 47
DEFINE (317) 67
IFDEF (318) 68
IFNDEF (319) 69


Nonterminals, with rules where they appear

$accept (65)
    on left: 0
arith_bi_op (66)
    on left: 1 2 3 4 5 6, on right: 35
arith_un_op (67)
    on left: 7 8, on right: 36
logic_bi_op (68)
    on left: 9 10 11 12 13 14 15 16, on right: 37
logic_un_op (69)
    on left: 17, on right: 38
bit_un_op (70)
    on left: 18, on right: 39
bit_bi_op (71)
    on left: 19 20 21 22 23, on right: 40
assign_op (72)
    on left: 24 25 26 27 28 29 30 31 32 33 34, on right: 41 46
op (73)
    on left: 35 36 37 38 39 40 41, on right: 42
expr (74)
    on left: 42 43 44 45, on right: 42 43 46 64 66
assignment (75)
    on left: 46 47, on right: 48 74
block (76)
    on left: 48 49 50 51 52 53 54 55 56, on right: 49 57 59 65 72 73
    74
term_block (77)
    on left: 57 58 59 60 61 62 63, on right: 0 50 58 70 71
condition (78)
    on left: 64, on right: 62 65 66 70 71 72 73 74
ternary_block (79)
    on left: 65 66, on right: 61
def_block (80)
    on left: 67 68 69, on right: 56
if_block (81)
    on left: 70 71, on right: 51
while_block (82)
    on left: 72, on right: 52
do_while_block (83)
    on left: 73, on right: 60
for_block (84)
    on left: 74, on right: 53
comment_block (85)
    on left: 75, on right: 54
multi_comment_block (86)
    on left: 76, on right: 55


State 0

    0 $accept: . term_block $end

    IF             shift, and go to state 1
    WHILE          shift, and go to state 2
    DO             shift, and go to state 3
    FOR            shift, and go to state 4
    NUM            shift, and go to state 5
    IDENT          shift, and go to state 6
    TERMINATOR     shift, and go to state 7
    OP             shift, and go to state 8
    OCB            shift, and go to state 9
    COMMENT        shift, and go to state 10
    MULTI_COMMENT  shift, and go to state 11
    WHITESPACE     shift, and go to state 12
    DEFINE         shift, and go to state 13
    IFDEF          shift, and go to state 14
    IFNDEF         shift, and go to state 15

    expr                 go to state 16
    assignment           go to state 17
    block                go to state 18
    term_block           go to state 19
    condition            go to state 20
    ternary_block        go to state 21
    def_block            go to state 22
    if_block             go to state 23
    while_block          go to state 24
    do_while_block       go to state 25
    for_block            go to state 26
    comment_block        go to state 27
    multi_comment_block  go to state 28


State 1

   70 if_block: IF . condition term_block
   71         | IF . condition term_block ELSE term_block

    NUM    shift, and go to state 5
    IDENT  shift, and go to state 29
    OP     shift, and go to state 8

    expr       go to state 16
    condition  go to state 30


State 2

   72 while_block: WHILE . condition block

    NUM    shift, and go to state 5
    IDENT  shift, and go to state 29
    OP     shift, and go to state 8

    expr       go to state 16
    condition  go to state 31


State 3

   73 do_while_block: DO . block WHILE condition TERMINATOR

    IF             shift, and go to state 1
    WHILE          shift, and go to state 2
    FOR            shift, and go to state 4
    IDENT          shift, and go to state 32
    OCB            shift, and go to state 9
    COMMENT        shift, and go to state 10
    MULTI_COMMENT  shift, and go to state 11
    WHITESPACE     shift, and go to state 12
    DEFINE         shift, and go to state 13
    IFDEF          shift, and go to state 14
    IFNDEF         shift, and go to state 15

    assignment           go to state 17
    block                go to state 33
    def_block            go to state 22
    if_block             go to state 23
    while_block          go to state 24
    for_block            go to state 26
    comment_block        go to state 27
    multi_comment_block  go to state 28


State 4

   74 for_block: FOR . OP assignment TERMINATOR condition TERMINATOR assignment CP block

    OP  shift, and go to state 34


State 5

   45 expr: NUM .

    $default  reduce using rule 45 (expr)


State 6

   44 expr: IDENT .
   46 assignment: IDENT . assign_op expr

    BIN_AND_ASSIGN  shift, and go to state 35
    BIN_IOR_ASSIGN  shift, and go to state 36
    BIN_XOR_ASSIGN  shift, and go to state 37
    ADD_ASSIGN      shift, and go to state 38
    SUB_ASSIGN      shift, and go to state 39
    MULT_ASSIGN     shift, and go to state 40
    DIV_ASSIGN      shift, and go to state 41
    MOD_ASSIGN      shift, and go to state 42
    LEFT_ASSIGN     shift, and go to state 43
    RIGHT_ASSIGN    shift, and go to state 44
    ASSIGN          shift, and go to state 45

    BIN_AND_ASSIGN  [reduce using rule 44 (expr)]
    BIN_IOR_ASSIGN  [reduce using rule 44 (expr)]
    BIN_XOR_ASSIGN  [reduce using rule 44 (expr)]
    ADD_ASSIGN      [reduce using rule 44 (expr)]
    SUB_ASSIGN      [reduce using rule 44 (expr)]
    MULT_ASSIGN     [reduce using rule 44 (expr)]
    DIV_ASSIGN      [reduce using rule 44 (expr)]
    MOD_ASSIGN      [reduce using rule 44 (expr)]
    LEFT_ASSIGN     [reduce using rule 44 (expr)]
    RIGHT_ASSIGN    [reduce using rule 44 (expr)]
    ASSIGN          [reduce using rule 44 (expr)]
    $default        reduce using rule 44 (expr)

    assign_op  go to state 46


State 7

   63 term_block: TERMINATOR .

    $default  reduce using rule 63 (term_block)


State 8

   43 expr: OP . expr CP

    NUM    shift, and go to state 5
    IDENT  shift, and go to state 29
    OP     shift, and go to state 8

    expr  go to state 47


State 9

   50 block: OCB . term_block CCB

    IF             shift, and go to state 1
    WHILE          shift, and go to state 2
    DO             shift, and go to state 3
    FOR            shift, and go to state 4
    NUM            shift, and go to state 5
    IDENT          shift, and go to state 6
    TERMINATOR     shift, and go to state 7
    OP             shift, and go to state 8
    OCB            shift, and go to state 9
    COMMENT        shift, and go to state 10
    MULTI_COMMENT  shift, and go to state 11
    WHITESPACE     shift, and go to state 12
    DEFINE         shift, and go to state 13
    IFDEF          shift, and go to state 14
    IFNDEF         shift, and go to state 15

    expr                 go to state 16
    assignment           go to state 17
    block                go to state 18
    term_block           go to state 48
    condition            go to state 20
    ternary_block        go to state 21
    def_block            go to state 22
    if_block             go to state 23
    while_block          go to state 24
    do_while_block       go to state 25
    for_block            go to state 26
    comment_block        go to state 27
    multi_comment_block  go to state 28


State 10

   75 comment_block: COMMENT .

    $default  reduce using rule 75 (comment_block)


State 11

   76 multi_comment_block: MULTI_COMMENT .

    $default  reduce using rule 76 (multi_comment_block)


State 12

   47 assignment: WHITESPACE .

    $default  reduce using rule 47 (assignment)


State 13

   67 def_block: DEFINE .

    $default  reduce using rule 67 (def_block)


State 14

   68 def_block: IFDEF .

    $default  reduce using rule 68 (def_block)


State 15

   69 def_block: IFNDEF .

    $default  reduce using rule 69 (def_block)


State 16

   42 expr: expr . op expr
   64 condition: expr .

    AND             shift, and go to state 49
    OR              shift, and go to state 50
    NOT             shift, and go to state 51
    ADD             shift, and go to state 52
    SUB             shift, and go to state 53
    MULT            shift, and go to state 54
    DIV             shift, and go to state 55
    EXP             shift, and go to state 56
    MOD             shift, and go to state 57
    INC             shift, and go to state 58
    DEC             shift, and go to state 59
    BIN_NOT         shift, and go to state 60
    BIN_AND         shift, and go to state 61
    BIN_OR          shift, and go to state 62
    BIN_XOR         shift, and go to state 63
    BIN_LEFT        shift, and go to state 64
    BIN_RIGHT       shift, and go to state 65
    BIN_AND_ASSIGN  shift, and go to state 35
    BIN_IOR_ASSIGN  shift, and go to state 36
    BIN_XOR_ASSIGN  shift, and go to state 37
    ADD_ASSIGN      shift, and go to state 38
    SUB_ASSIGN      shift, and go to state 39
    MULT_ASSIGN     shift, and go to state 40
    DIV_ASSIGN      shift, and go to state 41
    MOD_ASSIGN      shift, and go to state 42
    LEFT_ASSIGN     shift, and go to state 43
    RIGHT_ASSIGN    shift, and go to state 44
    ASSIGN          shift, and go to state 45
    EQ              shift, and go to state 66
    NOTEQ           shift, and go to state 67
    GT              shift, and go to state 68
    LT              shift, and go to state 69
    GE              shift, and go to state 70
    LE              shift, and go to state 71

    $default  reduce using rule 64 (condition)

    arith_bi_op  go to state 72
    arith_un_op  go to state 73
    logic_bi_op  go to state 74
    logic_un_op  go to state 75
    bit_un_op    go to state 76
    bit_bi_op    go to state 77
    assign_op    go to state 78
    op           go to state 79


State 17

   48 block: assignment .

    $default  reduce using rule 48 (block)


State 18

   49 block: block . block
   57 term_block: block .
   59           | block . TERMINATOR

    IF             shift, and go to state 1
    WHILE          shift, and go to state 2
    FOR            shift, and go to state 4
    IDENT          shift, and go to state 32
    TERMINATOR     shift, and go to state 80
    OCB            shift, and go to state 9
    COMMENT        shift, and go to state 10
    MULTI_COMMENT  shift, and go to state 11
    WHITESPACE     shift, and go to state 12
    DEFINE         shift, and go to state 13
    IFDEF          shift, and go to state 14
    IFNDEF         shift, and go to state 15

    IF             [reduce using rule 57 (term_block)]
    WHILE          [reduce using rule 57 (term_block)]
    FOR            [reduce using rule 57 (term_block)]
    IDENT          [reduce using rule 57 (term_block)]
    TERMINATOR     [reduce using rule 57 (term_block)]
    OCB            [reduce using rule 57 (term_block)]
    COMMENT        [reduce using rule 57 (term_block)]
    MULTI_COMMENT  [reduce using rule 57 (term_block)]
    WHITESPACE     [reduce using rule 57 (term_block)]
    DEFINE         [reduce using rule 57 (term_block)]
    IFDEF          [reduce using rule 57 (term_block)]
    IFNDEF         [reduce using rule 57 (term_block)]
    $default       reduce using rule 57 (term_block)

    assignment           go to state 17
    block                go to state 81
    def_block            go to state 22
    if_block             go to state 23
    while_block          go to state 24
    for_block            go to state 26
    comment_block        go to state 27
    multi_comment_block  go to state 28


State 19

    0 $accept: term_block . $end
   58 term_block: term_block . term_block

    $end           shift, and go to state 82
    IF             shift, and go to state 1
    WHILE          shift, and go to state 2
    DO             shift, and go to state 3
    FOR            shift, and go to state 4
    NUM            shift, and go to state 5
    IDENT          shift, and go to state 6
    TERMINATOR     shift, and go to state 7
    OP             shift, and go to state 8
    OCB            shift, and go to state 9
    COMMENT        shift, and go to state 10
    MULTI_COMMENT  shift, and go to state 11
    WHITESPACE     shift, and go to state 12
    DEFINE         shift, and go to state 13
    IFDEF          shift, and go to state 14
    IFNDEF         shift, and go to state 15

    expr                 go to state 16
    assignment           go to state 17
    block                go to state 18
    term_block           go to state 83
    condition            go to state 20
    ternary_block        go to state 21
    def_block            go to state 22
    if_block             go to state 23
    while_block          go to state 24
    do_while_block       go to state 25
    for_block            go to state 26
    comment_block        go to state 27
    multi_comment_block  go to state 28


State 20

   62 term_block: condition . TERMINATOR
   65 ternary_block: condition . QUES block COLON block TERMINATOR
   66              | condition . QUES expr COLON expr

    QUES        shift, and go to state 84
    TERMINATOR  shift, and go to state 85


State 21

   61 term_block: ternary_block .

    $default  reduce using rule 61 (term_block)


State 22

   56 block: def_block .

    $default  reduce using rule 56 (block)


State 23

   51 block: if_block .

    $default  reduce using rule 51 (block)


State 24

   52 block: while_block .

    $default  reduce using rule 52 (block)


State 25

   60 term_block: do_while_block .

    $default  reduce using rule 60 (term_block)


State 26

   53 block: for_block .

    $default  reduce using rule 53 (block)


State 27

   54 block: comment_block .

    $default  reduce using rule 54 (block)


State 28

   55 block: multi_comment_block .

    $default  reduce using rule 55 (block)


State 29

   44 expr: IDENT .

    $default  reduce using rule 44 (expr)


State 30

   70 if_block: IF condition . term_block
   71         | IF condition . term_block ELSE term_block

    IF             shift, and go to state 1
    WHILE          shift, and go to state 2
    DO             shift, and go to state 3
    FOR            shift, and go to state 4
    NUM            shift, and go to state 5
    IDENT          shift, and go to state 6
    TERMINATOR     shift, and go to state 7
    OP             shift, and go to state 8
    OCB            shift, and go to state 9
    COMMENT        shift, and go to state 10
    MULTI_COMMENT  shift, and go to state 11
    WHITESPACE     shift, and go to state 12
    DEFINE         shift, and go to state 13
    IFDEF          shift, and go to state 14
    IFNDEF         shift, and go to state 15

    expr                 go to state 16
    assignment           go to state 17
    block                go to state 18
    term_block           go to state 86
    condition            go to state 20
    ternary_block        go to state 21
    def_block            go to state 22
    if_block             go to state 23
    while_block          go to state 24
    do_while_block       go to state 25
    for_block            go to state 26
    comment_block        go to state 27
    multi_comment_block  go to state 28


State 31

   72 while_block: WHILE condition . block

    IF             shift, and go to state 1
    WHILE          shift, and go to state 2
    FOR            shift, and go to state 4
    IDENT          shift, and go to state 32
    OCB            shift, and go to state 9
    COMMENT        shift, and go to state 10
    MULTI_COMMENT  shift, and go to state 11
    WHITESPACE     shift, and go to state 12
    DEFINE         shift, and go to state 13
    IFDEF          shift, and go to state 14
    IFNDEF         shift, and go to state 15

    assignment           go to state 17
    block                go to state 87
    def_block            go to state 22
    if_block             go to state 23
    while_block          go to state 24
    for_block            go to state 26
    comment_block        go to state 27
    multi_comment_block  go to state 28


State 32

   46 assignment: IDENT . assign_op expr

    BIN_AND_ASSIGN  shift, and go to state 35
    BIN_IOR_ASSIGN  shift, and go to state 36
    BIN_XOR_ASSIGN  shift, and go to state 37
    ADD_ASSIGN      shift, and go to state 38
    SUB_ASSIGN      shift, and go to state 39
    MULT_ASSIGN     shift, and go to state 40
    DIV_ASSIGN      shift, and go to state 41
    MOD_ASSIGN      shift, and go to state 42
    LEFT_ASSIGN     shift, and go to state 43
    RIGHT_ASSIGN    shift, and go to state 44
    ASSIGN          shift, and go to state 45

    assign_op  go to state 46


State 33

   49 block: block . block
   73 do_while_block: DO block . WHILE condition TERMINATOR

    IF             shift, and go to state 1
    WHILE          shift, and go to state 88
    FOR            shift, and go to state 4
    IDENT          shift, and go to state 32
    OCB            shift, and go to state 9
    COMMENT        shift, and go to state 10
    MULTI_COMMENT  shift, and go to state 11
    WHITESPACE     shift, and go to state 12
    DEFINE         shift, and go to state 13
    IFDEF          shift, and go to state 14
    IFNDEF         shift, and go to state 15

    assignment           go to state 17
    block                go to state 81
    def_block            go to state 22
    if_block             go to state 23
    while_block          go to state 24
    for_block            go to state 26
    comment_block        go to state 27
    multi_comment_block  go to state 28


State 34

   74 for_block: FOR OP . assignment TERMINATOR condition TERMINATOR assignment CP block

    IDENT       shift, and go to state 32
    WHITESPACE  shift, and go to state 12

    assignment  go to state 89


State 35

   32 assign_op: BIN_AND_ASSIGN .

    $default  reduce using rule 32 (assign_op)


State 36

   34 assign_op: BIN_IOR_ASSIGN .

    $default  reduce using rule 34 (assign_op)


State 37

   33 assign_op: BIN_XOR_ASSIGN .

    $default  reduce using rule 33 (assign_op)


State 38

   25 assign_op: ADD_ASSIGN .

    $default  reduce using rule 25 (assign_op)


State 39

   26 assign_op: SUB_ASSIGN .

    $default  reduce using rule 26 (assign_op)


State 40

   27 assign_op: MULT_ASSIGN .

    $default  reduce using rule 27 (assign_op)


State 41

   28 assign_op: DIV_ASSIGN .

    $default  reduce using rule 28 (assign_op)


State 42

   29 assign_op: MOD_ASSIGN .

    $default  reduce using rule 29 (assign_op)


State 43

   30 assign_op: LEFT_ASSIGN .

    $default  reduce using rule 30 (assign_op)


State 44

   31 assign_op: RIGHT_ASSIGN .

    $default  reduce using rule 31 (assign_op)


State 45

   24 assign_op: ASSIGN .

    $default  reduce using rule 24 (assign_op)


State 46

   46 assignment: IDENT assign_op . expr

    NUM    shift, and go to state 5
    IDENT  shift, and go to state 29
    OP     shift, and go to state 8

    expr  go to state 90


State 47

   42 expr: expr . op expr
   43     | OP expr . CP

    AND             shift, and go to state 49
    OR              shift, and go to state 50
    NOT             shift, and go to state 51
    ADD             shift, and go to state 52
    SUB             shift, and go to state 53
    MULT            shift, and go to state 54
    DIV             shift, and go to state 55
    EXP             shift, and go to state 56
    MOD             shift, and go to state 57
    INC             shift, and go to state 58
    DEC             shift, and go to state 59
    BIN_NOT         shift, and go to state 60
    BIN_AND         shift, and go to state 61
    BIN_OR          shift, and go to state 62
    BIN_XOR         shift, and go to state 63
    BIN_LEFT        shift, and go to state 64
    BIN_RIGHT       shift, and go to state 65
    BIN_AND_ASSIGN  shift, and go to state 35
    BIN_IOR_ASSIGN  shift, and go to state 36
    BIN_XOR_ASSIGN  shift, and go to state 37
    ADD_ASSIGN      shift, and go to state 38
    SUB_ASSIGN      shift, and go to state 39
    MULT_ASSIGN     shift, and go to state 40
    DIV_ASSIGN      shift, and go to state 41
    MOD_ASSIGN      shift, and go to state 42
    LEFT_ASSIGN     shift, and go to state 43
    RIGHT_ASSIGN    shift, and go to state 44
    ASSIGN          shift, and go to state 45
    CP              shift, and go to state 91
    EQ              shift, and go to state 66
    NOTEQ           shift, and go to state 67
    GT              shift, and go to state 68
    LT              shift, and go to state 69
    GE              shift, and go to state 70
    LE              shift, and go to state 71

    arith_bi_op  go to state 72
    arith_un_op  go to state 73
    logic_bi_op  go to state 74
    logic_un_op  go to state 75
    bit_un_op    go to state 76
    bit_bi_op    go to state 77
    assign_op    go to state 78
    op           go to state 79


State 48

   50 block: OCB term_block . CCB
   58 term_block: term_block . term_block

    IF             shift, and go to state 1
    WHILE          shift, and go to state 2
    DO             shift, and go to state 3
    FOR            shift, and go to state 4
    NUM            shift, and go to state 5
    IDENT          shift, and go to state 6
    TERMINATOR     shift, and go to state 7
    OP             shift, and go to state 8
    OCB            shift, and go to state 9
    CCB            shift, and go to state 92
    COMMENT        shift, and go to state 10
    MULTI_COMMENT  shift, and go to state 11
    WHITESPACE     shift, and go to state 12
    DEFINE         shift, and go to state 13
    IFDEF          shift, and go to state 14
    IFNDEF         shift, and go to state 15

    expr                 go to state 16
    assignment           go to state 17
    block                go to state 18
    term_block           go to state 83
    condition            go to state 20
    ternary_block        go to state 21
    def_block            go to state 22
    if_block             go to state 23
    while_block          go to state 24
    do_while_block       go to state 25
    for_block            go to state 26
    comment_block        go to state 27
    multi_comment_block  go to state 28


State 49

   15 logic_bi_op: AND .

    $default  reduce using rule 15 (logic_bi_op)


State 50

   16 logic_bi_op: OR .

    $default  reduce using rule 16 (logic_bi_op)


State 51

   17 logic_un_op: NOT .

    $default  reduce using rule 17 (logic_un_op)


State 52

    1 arith_bi_op: ADD .

    $default  reduce using rule 1 (arith_bi_op)


State 53

    2 arith_bi_op: SUB .

    $default  reduce using rule 2 (arith_bi_op)


State 54

    3 arith_bi_op: MULT .

    $default  reduce using rule 3 (arith_bi_op)


State 55

    4 arith_bi_op: DIV .

    $default  reduce using rule 4 (arith_bi_op)


State 56

    6 arith_bi_op: EXP .

    $default  reduce using rule 6 (arith_bi_op)


State 57

    5 arith_bi_op: MOD .

    $default  reduce using rule 5 (arith_bi_op)


State 58

    7 arith_un_op: INC .

    $default  reduce using rule 7 (arith_un_op)


State 59

    8 arith_un_op: DEC .

    $default  reduce using rule 8 (arith_un_op)


State 60

   18 bit_un_op: BIN_NOT .

    $default  reduce using rule 18 (bit_un_op)


State 61

   19 bit_bi_op: BIN_AND .

    $default  reduce using rule 19 (bit_bi_op)


State 62

   20 bit_bi_op: BIN_OR .

    $default  reduce using rule 20 (bit_bi_op)


State 63

   21 bit_bi_op: BIN_XOR .

    $default  reduce using rule 21 (bit_bi_op)


State 64

   22 bit_bi_op: BIN_LEFT .

    $default  reduce using rule 22 (bit_bi_op)


State 65

   23 bit_bi_op: BIN_RIGHT .

    $default  reduce using rule 23 (bit_bi_op)


State 66

    9 logic_bi_op: EQ .

    $default  reduce using rule 9 (logic_bi_op)


State 67

   10 logic_bi_op: NOTEQ .

    $default  reduce using rule 10 (logic_bi_op)


State 68

   11 logic_bi_op: GT .

    $default  reduce using rule 11 (logic_bi_op)


State 69

   12 logic_bi_op: LT .

    $default  reduce using rule 12 (logic_bi_op)


State 70

   13 logic_bi_op: GE .

    $default  reduce using rule 13 (logic_bi_op)


State 71

   14 logic_bi_op: LE .

    $default  reduce using rule 14 (logic_bi_op)


State 72

   35 op: arith_bi_op .

    $default  reduce using rule 35 (op)


State 73

   36 op: arith_un_op .

    $default  reduce using rule 36 (op)


State 74

   37 op: logic_bi_op .

    $default  reduce using rule 37 (op)


State 75

   38 op: logic_un_op .

    $default  reduce using rule 38 (op)


State 76

   39 op: bit_un_op .

    $default  reduce using rule 39 (op)


State 77

   40 op: bit_bi_op .

    $default  reduce using rule 40 (op)


State 78

   41 op: assign_op .

    $default  reduce using rule 41 (op)


State 79

   42 expr: expr op . expr

    NUM    shift, and go to state 5
    IDENT  shift, and go to state 29
    OP     shift, and go to state 8

    expr  go to state 93


State 80

   59 term_block: block TERMINATOR .

    $default  reduce using rule 59 (term_block)


State 81

   49 block: block . block
   49      | block block .

    IF             shift, and go to state 1
    WHILE          shift, and go to state 2
    FOR            shift, and go to state 4
    IDENT          shift, and go to state 32
    OCB            shift, and go to state 9
    COMMENT        shift, and go to state 10
    MULTI_COMMENT  shift, and go to state 11
    WHITESPACE     shift, and go to state 12
    DEFINE         shift, and go to state 13
    IFDEF          shift, and go to state 14
    IFNDEF         shift, and go to state 15

    IF             [reduce using rule 49 (block)]
    WHILE          [reduce using rule 49 (block)]
    FOR            [reduce using rule 49 (block)]
    IDENT          [reduce using rule 49 (block)]
    OCB            [reduce using rule 49 (block)]
    COMMENT        [reduce using rule 49 (block)]
    MULTI_COMMENT  [reduce using rule 49 (block)]
    WHITESPACE     [reduce using rule 49 (block)]
    DEFINE         [reduce using rule 49 (block)]
    IFDEF          [reduce using rule 49 (block)]
    IFNDEF         [reduce using rule 49 (block)]
    $default       reduce using rule 49 (block)

    assignment           go to state 17
    block                go to state 81
    def_block            go to state 22
    if_block             go to state 23
    while_block          go to state 24
    for_block            go to state 26
    comment_block        go to state 27
    multi_comment_block  go to state 28


State 82

    0 $accept: term_block $end .

    $default  accept


State 83

   58 term_block: term_block . term_block
   58           | term_block term_block .

    IF             shift, and go to state 1
    WHILE          shift, and go to state 2
    DO             shift, and go to state 3
    FOR            shift, and go to state 4
    NUM            shift, and go to state 5
    IDENT          shift, and go to state 6
    TERMINATOR     shift, and go to state 7
    OP             shift, and go to state 8
    OCB            shift, and go to state 9
    COMMENT        shift, and go to state 10
    MULTI_COMMENT  shift, and go to state 11
    WHITESPACE     shift, and go to state 12
    DEFINE         shift, and go to state 13
    IFDEF          shift, and go to state 14
    IFNDEF         shift, and go to state 15

    IF             [reduce using rule 58 (term_block)]
    WHILE          [reduce using rule 58 (term_block)]
    DO             [reduce using rule 58 (term_block)]
    FOR            [reduce using rule 58 (term_block)]
    NUM            [reduce using rule 58 (term_block)]
    IDENT          [reduce using rule 58 (term_block)]
    TERMINATOR     [reduce using rule 58 (term_block)]
    OP             [reduce using rule 58 (term_block)]
    OCB            [reduce using rule 58 (term_block)]
    COMMENT        [reduce using rule 58 (term_block)]
    MULTI_COMMENT  [reduce using rule 58 (term_block)]
    WHITESPACE     [reduce using rule 58 (term_block)]
    DEFINE         [reduce using rule 58 (term_block)]
    IFDEF          [reduce using rule 58 (term_block)]
    IFNDEF         [reduce using rule 58 (term_block)]
    $default       reduce using rule 58 (term_block)

    expr                 go to state 16
    assignment           go to state 17
    block                go to state 18
    term_block           go to state 83
    condition            go to state 20
    ternary_block        go to state 21
    def_block            go to state 22
    if_block             go to state 23
    while_block          go to state 24
    do_while_block       go to state 25
    for_block            go to state 26
    comment_block        go to state 27
    multi_comment_block  go to state 28


State 84

   65 ternary_block: condition QUES . block COLON block TERMINATOR
   66              | condition QUES . expr COLON expr

    IF             shift, and go to state 1
    WHILE          shift, and go to state 2
    FOR            shift, and go to state 4
    NUM            shift, and go to state 5
    IDENT          shift, and go to state 6
    OP             shift, and go to state 8
    OCB            shift, and go to state 9
    COMMENT        shift, and go to state 10
    MULTI_COMMENT  shift, and go to state 11
    WHITESPACE     shift, and go to state 12
    DEFINE         shift, and go to state 13
    IFDEF          shift, and go to state 14
    IFNDEF         shift, and go to state 15

    expr                 go to state 94
    assignment           go to state 17
    block                go to state 95
    def_block            go to state 22
    if_block             go to state 23
    while_block          go to state 24
    for_block            go to state 26
    comment_block        go to state 27
    multi_comment_block  go to state 28


State 85

   62 term_block: condition TERMINATOR .

    $default  reduce using rule 62 (term_block)


State 86

   58 term_block: term_block . term_block
   70 if_block: IF condition term_block .
   71         | IF condition term_block . ELSE term_block

    IF             shift, and go to state 1
    ELSE           shift, and go to state 96
    WHILE          shift, and go to state 2
    DO             shift, and go to state 3
    FOR            shift, and go to state 4
    NUM            shift, and go to state 5
    IDENT          shift, and go to state 6
    TERMINATOR     shift, and go to state 7
    OP             shift, and go to state 8
    OCB            shift, and go to state 9
    COMMENT        shift, and go to state 10
    MULTI_COMMENT  shift, and go to state 11
    WHITESPACE     shift, and go to state 12
    DEFINE         shift, and go to state 13
    IFDEF          shift, and go to state 14
    IFNDEF         shift, and go to state 15

    IF             [reduce using rule 70 (if_block)]
    ELSE           [reduce using rule 70 (if_block)]
    WHILE          [reduce using rule 70 (if_block)]
    DO             [reduce using rule 70 (if_block)]
    FOR            [reduce using rule 70 (if_block)]
    NUM            [reduce using rule 70 (if_block)]
    IDENT          [reduce using rule 70 (if_block)]
    TERMINATOR     [reduce using rule 70 (if_block)]
    OP             [reduce using rule 70 (if_block)]
    OCB            [reduce using rule 70 (if_block)]
    COMMENT        [reduce using rule 70 (if_block)]
    MULTI_COMMENT  [reduce using rule 70 (if_block)]
    WHITESPACE     [reduce using rule 70 (if_block)]
    DEFINE         [reduce using rule 70 (if_block)]
    IFDEF          [reduce using rule 70 (if_block)]
    IFNDEF         [reduce using rule 70 (if_block)]
    $default       reduce using rule 70 (if_block)

    expr                 go to state 16
    assignment           go to state 17
    block                go to state 18
    term_block           go to state 83
    condition            go to state 20
    ternary_block        go to state 21
    def_block            go to state 22
    if_block             go to state 23
    while_block          go to state 24
    do_while_block       go to state 25
    for_block            go to state 26
    comment_block        go to state 27
    multi_comment_block  go to state 28


State 87

   49 block: block . block
   72 while_block: WHILE condition block .

    IF             shift, and go to state 1
    WHILE          shift, and go to state 2
    FOR            shift, and go to state 4
    IDENT          shift, and go to state 32
    OCB            shift, and go to state 9
    COMMENT        shift, and go to state 10
    MULTI_COMMENT  shift, and go to state 11
    WHITESPACE     shift, and go to state 12
    DEFINE         shift, and go to state 13
    IFDEF          shift, and go to state 14
    IFNDEF         shift, and go to state 15

    IF             [reduce using rule 72 (while_block)]
    WHILE          [reduce using rule 72 (while_block)]
    FOR            [reduce using rule 72 (while_block)]
    IDENT          [reduce using rule 72 (while_block)]
    OCB            [reduce using rule 72 (while_block)]
    COMMENT        [reduce using rule 72 (while_block)]
    MULTI_COMMENT  [reduce using rule 72 (while_block)]
    WHITESPACE     [reduce using rule 72 (while_block)]
    DEFINE         [reduce using rule 72 (while_block)]
    IFDEF          [reduce using rule 72 (while_block)]
    IFNDEF         [reduce using rule 72 (while_block)]
    $default       reduce using rule 72 (while_block)

    assignment           go to state 17
    block                go to state 81
    def_block            go to state 22
    if_block             go to state 23
    while_block          go to state 24
    for_block            go to state 26
    comment_block        go to state 27
    multi_comment_block  go to state 28


State 88

   72 while_block: WHILE . condition block
   73 do_while_block: DO block WHILE . condition TERMINATOR

    NUM    shift, and go to state 5
    IDENT  shift, and go to state 29
    OP     shift, and go to state 8

    expr       go to state 16
    condition  go to state 97


State 89

   74 for_block: FOR OP assignment . TERMINATOR condition TERMINATOR assignment CP block

    TERMINATOR  shift, and go to state 98


State 90

   42 expr: expr . op expr
   46 assignment: IDENT assign_op expr .

    AND             shift, and go to state 49
    OR              shift, and go to state 50
    NOT             shift, and go to state 51
    ADD             shift, and go to state 52
    SUB             shift, and go to state 53
    MULT            shift, and go to state 54
    DIV             shift, and go to state 55
    EXP             shift, and go to state 56
    MOD             shift, and go to state 57
    INC             shift, and go to state 58
    DEC             shift, and go to state 59
    BIN_NOT         shift, and go to state 60
    BIN_AND         shift, and go to state 61
    BIN_OR          shift, and go to state 62
    BIN_XOR         shift, and go to state 63
    BIN_LEFT        shift, and go to state 64
    BIN_RIGHT       shift, and go to state 65
    BIN_AND_ASSIGN  shift, and go to state 35
    BIN_IOR_ASSIGN  shift, and go to state 36
    BIN_XOR_ASSIGN  shift, and go to state 37
    ADD_ASSIGN      shift, and go to state 38
    SUB_ASSIGN      shift, and go to state 39
    MULT_ASSIGN     shift, and go to state 40
    DIV_ASSIGN      shift, and go to state 41
    MOD_ASSIGN      shift, and go to state 42
    LEFT_ASSIGN     shift, and go to state 43
    RIGHT_ASSIGN    shift, and go to state 44
    ASSIGN          shift, and go to state 45
    EQ              shift, and go to state 66
    NOTEQ           shift, and go to state 67
    GT              shift, and go to state 68
    LT              shift, and go to state 69
    GE              shift, and go to state 70
    LE              shift, and go to state 71

    $default  reduce using rule 46 (assignment)

    arith_bi_op  go to state 72
    arith_un_op  go to state 73
    logic_bi_op  go to state 74
    logic_un_op  go to state 75
    bit_un_op    go to state 76
    bit_bi_op    go to state 77
    assign_op    go to state 78
    op           go to state 79


State 91

   43 expr: OP expr CP .

    $default  reduce using rule 43 (expr)


State 92

   50 block: OCB term_block CCB .

    $default  reduce using rule 50 (block)


State 93

   42 expr: expr . op expr
   42     | expr op expr .

    AND             shift, and go to state 49
    OR              shift, and go to state 50
    NOT             shift, and go to state 51
    ADD             shift, and go to state 52
    SUB             shift, and go to state 53
    MULT            shift, and go to state 54
    DIV             shift, and go to state 55
    EXP             shift, and go to state 56
    MOD             shift, and go to state 57
    INC             shift, and go to state 58
    DEC             shift, and go to state 59
    BIN_NOT         shift, and go to state 60
    BIN_AND         shift, and go to state 61
    BIN_OR          shift, and go to state 62
    BIN_XOR         shift, and go to state 63
    BIN_LEFT        shift, and go to state 64
    BIN_RIGHT       shift, and go to state 65
    BIN_AND_ASSIGN  shift, and go to state 35
    BIN_IOR_ASSIGN  shift, and go to state 36
    BIN_XOR_ASSIGN  shift, and go to state 37
    ADD_ASSIGN      shift, and go to state 38
    SUB_ASSIGN      shift, and go to state 39
    MULT_ASSIGN     shift, and go to state 40
    DIV_ASSIGN      shift, and go to state 41
    MOD_ASSIGN      shift, and go to state 42
    LEFT_ASSIGN     shift, and go to state 43
    RIGHT_ASSIGN    shift, and go to state 44
    ASSIGN          shift, and go to state 45
    EQ              shift, and go to state 66
    NOTEQ           shift, and go to state 67
    GT              shift, and go to state 68
    LT              shift, and go to state 69
    GE              shift, and go to state 70
    LE              shift, and go to state 71

    AND             [reduce using rule 42 (expr)]
    OR              [reduce using rule 42 (expr)]
    NOT             [reduce using rule 42 (expr)]
    ADD             [reduce using rule 42 (expr)]
    SUB             [reduce using rule 42 (expr)]
    MULT            [reduce using rule 42 (expr)]
    DIV             [reduce using rule 42 (expr)]
    EXP             [reduce using rule 42 (expr)]
    MOD             [reduce using rule 42 (expr)]
    INC             [reduce using rule 42 (expr)]
    DEC             [reduce using rule 42 (expr)]
    BIN_NOT         [reduce using rule 42 (expr)]
    BIN_AND         [reduce using rule 42 (expr)]
    BIN_OR          [reduce using rule 42 (expr)]
    BIN_XOR         [reduce using rule 42 (expr)]
    BIN_LEFT        [reduce using rule 42 (expr)]
    BIN_RIGHT       [reduce using rule 42 (expr)]
    BIN_AND_ASSIGN  [reduce using rule 42 (expr)]
    BIN_IOR_ASSIGN  [reduce using rule 42 (expr)]
    BIN_XOR_ASSIGN  [reduce using rule 42 (expr)]
    ADD_ASSIGN      [reduce using rule 42 (expr)]
    SUB_ASSIGN      [reduce using rule 42 (expr)]
    MULT_ASSIGN     [reduce using rule 42 (expr)]
    DIV_ASSIGN      [reduce using rule 42 (expr)]
    MOD_ASSIGN      [reduce using rule 42 (expr)]
    LEFT_ASSIGN     [reduce using rule 42 (expr)]
    RIGHT_ASSIGN    [reduce using rule 42 (expr)]
    ASSIGN          [reduce using rule 42 (expr)]
    EQ              [reduce using rule 42 (expr)]
    NOTEQ           [reduce using rule 42 (expr)]
    GT              [reduce using rule 42 (expr)]
    LT              [reduce using rule 42 (expr)]
    GE              [reduce using rule 42 (expr)]
    LE              [reduce using rule 42 (expr)]
    $default        reduce using rule 42 (expr)

    arith_bi_op  go to state 72
    arith_un_op  go to state 73
    logic_bi_op  go to state 74
    logic_un_op  go to state 75
    bit_un_op    go to state 76
    bit_bi_op    go to state 77
    assign_op    go to state 78
    op           go to state 79


State 94

   42 expr: expr . op expr
   66 ternary_block: condition QUES expr . COLON expr

    AND             shift, and go to state 49
    OR              shift, and go to state 50
    NOT             shift, and go to state 51
    ADD             shift, and go to state 52
    SUB             shift, and go to state 53
    MULT            shift, and go to state 54
    DIV             shift, and go to state 55
    EXP             shift, and go to state 56
    MOD             shift, and go to state 57
    INC             shift, and go to state 58
    DEC             shift, and go to state 59
    BIN_NOT         shift, and go to state 60
    BIN_AND         shift, and go to state 61
    BIN_OR          shift, and go to state 62
    BIN_XOR         shift, and go to state 63
    BIN_LEFT        shift, and go to state 64
    BIN_RIGHT       shift, and go to state 65
    BIN_AND_ASSIGN  shift, and go to state 35
    BIN_IOR_ASSIGN  shift, and go to state 36
    BIN_XOR_ASSIGN  shift, and go to state 37
    ADD_ASSIGN      shift, and go to state 38
    SUB_ASSIGN      shift, and go to state 39
    MULT_ASSIGN     shift, and go to state 40
    DIV_ASSIGN      shift, and go to state 41
    MOD_ASSIGN      shift, and go to state 42
    LEFT_ASSIGN     shift, and go to state 43
    RIGHT_ASSIGN    shift, and go to state 44
    ASSIGN          shift, and go to state 45
    COLON           shift, and go to state 99
    EQ              shift, and go to state 66
    NOTEQ           shift, and go to state 67
    GT              shift, and go to state 68
    LT              shift, and go to state 69
    GE              shift, and go to state 70
    LE              shift, and go to state 71

    arith_bi_op  go to state 72
    arith_un_op  go to state 73
    logic_bi_op  go to state 74
    logic_un_op  go to state 75
    bit_un_op    go to state 76
    bit_bi_op    go to state 77
    assign_op    go to state 78
    op           go to state 79


State 95

   49 block: block . block
   65 ternary_block: condition QUES block . COLON block TERMINATOR

    IF             shift, and go to state 1
    WHILE          shift, and go to state 2
    FOR            shift, and go to state 4
    IDENT          shift, and go to state 32
    COLON          shift, and go to state 100
    OCB            shift, and go to state 9
    COMMENT        shift, and go to state 10
    MULTI_COMMENT  shift, and go to state 11
    WHITESPACE     shift, and go to state 12
    DEFINE         shift, and go to state 13
    IFDEF          shift, and go to state 14
    IFNDEF         shift, and go to state 15

    assignment           go to state 17
    block                go to state 81
    def_block            go to state 22
    if_block             go to state 23
    while_block          go to state 24
    for_block            go to state 26
    comment_block        go to state 27
    multi_comment_block  go to state 28


State 96

   71 if_block: IF condition term_block ELSE . term_block

    IF             shift, and go to state 1
    WHILE          shift, and go to state 2
    DO             shift, and go to state 3
    FOR            shift, and go to state 4
    NUM            shift, and go to state 5
    IDENT          shift, and go to state 6
    TERMINATOR     shift, and go to state 7
    OP             shift, and go to state 8
    OCB            shift, and go to state 9
    COMMENT        shift, and go to state 10
    MULTI_COMMENT  shift, and go to state 11
    WHITESPACE     shift, and go to state 12
    DEFINE         shift, and go to state 13
    IFDEF          shift, and go to state 14
    IFNDEF         shift, and go to state 15

    expr                 go to state 16
    assignment           go to state 17
    block                go to state 18
    term_block           go to state 101
    condition            go to state 20
    ternary_block        go to state 21
    def_block            go to state 22
    if_block             go to state 23
    while_block          go to state 24
    do_while_block       go to state 25
    for_block            go to state 26
    comment_block        go to state 27
    multi_comment_block  go to state 28


State 97

   72 while_block: WHILE condition . block
   73 do_while_block: DO block WHILE condition . TERMINATOR

    IF             shift, and go to state 1
    WHILE          shift, and go to state 2
    FOR            shift, and go to state 4
    IDENT          shift, and go to state 32
    TERMINATOR     shift, and go to state 102
    OCB            shift, and go to state 9
    COMMENT        shift, and go to state 10
    MULTI_COMMENT  shift, and go to state 11
    WHITESPACE     shift, and go to state 12
    DEFINE         shift, and go to state 13
    IFDEF          shift, and go to state 14
    IFNDEF         shift, and go to state 15

    assignment           go to state 17
    block                go to state 87
    def_block            go to state 22
    if_block             go to state 23
    while_block          go to state 24
    for_block            go to state 26
    comment_block        go to state 27
    multi_comment_block  go to state 28


State 98

   74 for_block: FOR OP assignment TERMINATOR . condition TERMINATOR assignment CP block

    NUM    shift, and go to state 5
    IDENT  shift, and go to state 29
    OP     shift, and go to state 8

    expr       go to state 16
    condition  go to state 103


State 99

   66 ternary_block: condition QUES expr COLON . expr

    NUM    shift, and go to state 5
    IDENT  shift, and go to state 29
    OP     shift, and go to state 8

    expr  go to state 104


State 100

   65 ternary_block: condition QUES block COLON . block TERMINATOR

    IF             shift, and go to state 1
    WHILE          shift, and go to state 2
    FOR            shift, and go to state 4
    IDENT          shift, and go to state 32
    OCB            shift, and go to state 9
    COMMENT        shift, and go to state 10
    MULTI_COMMENT  shift, and go to state 11
    WHITESPACE     shift, and go to state 12
    DEFINE         shift, and go to state 13
    IFDEF          shift, and go to state 14
    IFNDEF         shift, and go to state 15

    assignment           go to state 17
    block                go to state 105
    def_block            go to state 22
    if_block             go to state 23
    while_block          go to state 24
    for_block            go to state 26
    comment_block        go to state 27
    multi_comment_block  go to state 28


State 101

   58 term_block: term_block . term_block
   71 if_block: IF condition term_block ELSE term_block .

    IF             shift, and go to state 1
    WHILE          shift, and go to state 2
    DO             shift, and go to state 3
    FOR            shift, and go to state 4
    NUM            shift, and go to state 5
    IDENT          shift, and go to state 6
    TERMINATOR     shift, and go to state 7
    OP             shift, and go to state 8
    OCB            shift, and go to state 9
    COMMENT        shift, and go to state 10
    MULTI_COMMENT  shift, and go to state 11
    WHITESPACE     shift, and go to state 12
    DEFINE         shift, and go to state 13
    IFDEF          shift, and go to state 14
    IFNDEF         shift, and go to state 15

    IF             [reduce using rule 71 (if_block)]
    WHILE          [reduce using rule 71 (if_block)]
    DO             [reduce using rule 71 (if_block)]
    FOR            [reduce using rule 71 (if_block)]
    NUM            [reduce using rule 71 (if_block)]
    IDENT          [reduce using rule 71 (if_block)]
    TERMINATOR     [reduce using rule 71 (if_block)]
    OP             [reduce using rule 71 (if_block)]
    OCB            [reduce using rule 71 (if_block)]
    COMMENT        [reduce using rule 71 (if_block)]
    MULTI_COMMENT  [reduce using rule 71 (if_block)]
    WHITESPACE     [reduce using rule 71 (if_block)]
    DEFINE         [reduce using rule 71 (if_block)]
    IFDEF          [reduce using rule 71 (if_block)]
    IFNDEF         [reduce using rule 71 (if_block)]
    $default       reduce using rule 71 (if_block)

    expr                 go to state 16
    assignment           go to state 17
    block                go to state 18
    term_block           go to state 83
    condition            go to state 20
    ternary_block        go to state 21
    def_block            go to state 22
    if_block             go to state 23
    while_block          go to state 24
    do_while_block       go to state 25
    for_block            go to state 26
    comment_block        go to state 27
    multi_comment_block  go to state 28


State 102

   73 do_while_block: DO block WHILE condition TERMINATOR .

    $default  reduce using rule 73 (do_while_block)


State 103

   74 for_block: FOR OP assignment TERMINATOR condition . TERMINATOR assignment CP block

    TERMINATOR  shift, and go to state 106


State 104

   42 expr: expr . op expr
   66 ternary_block: condition QUES expr COLON expr .

    AND             shift, and go to state 49
    OR              shift, and go to state 50
    NOT             shift, and go to state 51
    ADD             shift, and go to state 52
    SUB             shift, and go to state 53
    MULT            shift, and go to state 54
    DIV             shift, and go to state 55
    EXP             shift, and go to state 56
    MOD             shift, and go to state 57
    INC             shift, and go to state 58
    DEC             shift, and go to state 59
    BIN_NOT         shift, and go to state 60
    BIN_AND         shift, and go to state 61
    BIN_OR          shift, and go to state 62
    BIN_XOR         shift, and go to state 63
    BIN_LEFT        shift, and go to state 64
    BIN_RIGHT       shift, and go to state 65
    BIN_AND_ASSIGN  shift, and go to state 35
    BIN_IOR_ASSIGN  shift, and go to state 36
    BIN_XOR_ASSIGN  shift, and go to state 37
    ADD_ASSIGN      shift, and go to state 38
    SUB_ASSIGN      shift, and go to state 39
    MULT_ASSIGN     shift, and go to state 40
    DIV_ASSIGN      shift, and go to state 41
    MOD_ASSIGN      shift, and go to state 42
    LEFT_ASSIGN     shift, and go to state 43
    RIGHT_ASSIGN    shift, and go to state 44
    ASSIGN          shift, and go to state 45
    EQ              shift, and go to state 66
    NOTEQ           shift, and go to state 67
    GT              shift, and go to state 68
    LT              shift, and go to state 69
    GE              shift, and go to state 70
    LE              shift, and go to state 71

    $default  reduce using rule 66 (ternary_block)

    arith_bi_op  go to state 72
    arith_un_op  go to state 73
    logic_bi_op  go to state 74
    logic_un_op  go to state 75
    bit_un_op    go to state 76
    bit_bi_op    go to state 77
    assign_op    go to state 78
    op           go to state 79


State 105

   49 block: block . block
   65 ternary_block: condition QUES block COLON block . TERMINATOR

    IF             shift, and go to state 1
    WHILE          shift, and go to state 2
    FOR            shift, and go to state 4
    IDENT          shift, and go to state 32
    TERMINATOR     shift, and go to state 107
    OCB            shift, and go to state 9
    COMMENT        shift, and go to state 10
    MULTI_COMMENT  shift, and go to state 11
    WHITESPACE     shift, and go to state 12
    DEFINE         shift, and go to state 13
    IFDEF          shift, and go to state 14
    IFNDEF         shift, and go to state 15

    assignment           go to state 17
    block                go to state 81
    def_block            go to state 22
    if_block             go to state 23
    while_block          go to state 24
    for_block            go to state 26
    comment_block        go to state 27
    multi_comment_block  go to state 28


State 106

   74 for_block: FOR OP assignment TERMINATOR condition TERMINATOR . assignment CP block

    IDENT       shift, and go to state 32
    WHITESPACE  shift, and go to state 12

    assignment  go to state 108


State 107

   65 ternary_block: condition QUES block COLON block TERMINATOR .

    $default  reduce using rule 65 (ternary_block)


State 108

   74 for_block: FOR OP assignment TERMINATOR condition TERMINATOR assignment . CP block

    CP  shift, and go to state 109


State 109

   74 for_block: FOR OP assignment TERMINATOR condition TERMINATOR assignment CP . block

    IF             shift, and go to state 1
    WHILE          shift, and go to state 2
    FOR            shift, and go to state 4
    IDENT          shift, and go to state 32
    OCB            shift, and go to state 9
    COMMENT        shift, and go to state 10
    MULTI_COMMENT  shift, and go to state 11
    WHITESPACE     shift, and go to state 12
    DEFINE         shift, and go to state 13
    IFDEF          shift, and go to state 14
    IFNDEF         shift, and go to state 15

    assignment           go to state 17
    block                go to state 110
    def_block            go to state 22
    if_block             go to state 23
    while_block          go to state 24
    for_block            go to state 26
    comment_block        go to state 27
    multi_comment_block  go to state 28


State 110

   49 block: block . block
   74 for_block: FOR OP assignment TERMINATOR condition TERMINATOR assignment CP block .

    IF             shift, and go to state 1
    WHILE          shift, and go to state 2
    FOR            shift, and go to state 4
    IDENT          shift, and go to state 32
    OCB            shift, and go to state 9
    COMMENT        shift, and go to state 10
    MULTI_COMMENT  shift, and go to state 11
    WHITESPACE     shift, and go to state 12
    DEFINE         shift, and go to state 13
    IFDEF          shift, and go to state 14
    IFNDEF         shift, and go to state 15

    IF             [reduce using rule 74 (for_block)]
    WHILE          [reduce using rule 74 (for_block)]
    FOR            [reduce using rule 74 (for_block)]
    IDENT          [reduce using rule 74 (for_block)]
    OCB            [reduce using rule 74 (for_block)]
    COMMENT        [reduce using rule 74 (for_block)]
    MULTI_COMMENT  [reduce using rule 74 (for_block)]
    WHITESPACE     [reduce using rule 74 (for_block)]
    DEFINE         [reduce using rule 74 (for_block)]
    IFDEF          [reduce using rule 74 (for_block)]
    IFNDEF         [reduce using rule 74 (for_block)]
    $default       reduce using rule 74 (for_block)

    assignment           go to state 17
    block                go to state 81
    def_block            go to state 22
    if_block             go to state 23
    while_block          go to state 24
    for_block            go to state 26
    comment_block        go to state 27
    multi_comment_block  go to state 28
